{"total": {"lines":{"total":1389,"covered":156,"skipped":0,"pct":11.23},"statements":{"total":1497,"covered":159,"skipped":0,"pct":10.62},"functions":{"total":497,"covered":59,"skipped":0,"pct":11.87},"branches":{"total":1207,"covered":152,"skipped":0,"pct":12.59},"branchesTrue":{"total":0,"covered":0,"skipped":0,"pct":100}}
,"C:\\Users\\ovied\\OneDrive\\Documentos\\Sistema ferreteria\\src\\App.jsx": {"lines":{"total":1,"covered":0,"skipped":0,"pct":0},"functions":{"total":1,"covered":0,"skipped":0,"pct":0},"statements":{"total":1,"covered":0,"skipped":0,"pct":0},"branches":{"total":0,"covered":0,"skipped":0,"pct":100}}
,"C:\\Users\\ovied\\OneDrive\\Documentos\\Sistema ferreteria\\src\\components\\Navbar.jsx": {"lines":{"total":19,"covered":0,"skipped":0,"pct":0},"functions":{"total":8,"covered":0,"skipped":0,"pct":0},"statements":{"total":19,"covered":0,"skipped":0,"pct":0},"branches":{"total":8,"covered":0,"skipped":0,"pct":0}}
,"C:\\Users\\ovied\\OneDrive\\Documentos\\Sistema ferreteria\\src\\components\\Sidebar.jsx": {"lines":{"total":1,"covered":0,"skipped":0,"pct":0},"functions":{"total":1,"covered":0,"skipped":0,"pct":0},"statements":{"total":1,"covered":0,"skipped":0,"pct":0},"branches":{"total":0,"covered":0,"skipped":0,"pct":100}}
,"C:\\Users\\ovied\\OneDrive\\Documentos\\Sistema ferreteria\\src\\components\\documents\\ClientAutocomplete.jsx": {"lines":{"total":34,"covered":0,"skipped":0,"pct":0},"functions":{"total":15,"covered":0,"skipped":0,"pct":0},"statements":{"total":34,"covered":0,"skipped":0,"pct":0},"branches":{"total":32,"covered":0,"skipped":0,"pct":0}}
,"C:\\Users\\ovied\\OneDrive\\Documentos\\Sistema ferreteria\\src\\components\\documents\\DocumentPreviewModal.jsx": {"lines":{"total":28,"covered":0,"skipped":0,"pct":0},"functions":{"total":4,"covered":0,"skipped":0,"pct":0},"statements":{"total":28,"covered":0,"skipped":0,"pct":0},"branches":{"total":29,"covered":0,"skipped":0,"pct":0}}
,"C:\\Users\\ovied\\OneDrive\\Documentos\\Sistema ferreteria\\src\\context\\AuthContext.jsx": {"lines":{"total":165,"covered":0,"skipped":0,"pct":0},"functions":{"total":37,"covered":0,"skipped":0,"pct":0},"statements":{"total":165,"covered":0,"skipped":0,"pct":0},"branches":{"total":127,"covered":0,"skipped":0,"pct":0}}
,"C:\\Users\\ovied\\OneDrive\\Documentos\\Sistema ferreteria\\src\\context\\ClientsContext.jsx": {"lines":{"total":31,"covered":0,"skipped":0,"pct":0},"functions":{"total":14,"covered":0,"skipped":0,"pct":0},"statements":{"total":32,"covered":0,"skipped":0,"pct":0},"branches":{"total":28,"covered":0,"skipped":0,"pct":0}}
,"C:\\Users\\ovied\\OneDrive\\Documentos\\Sistema ferreteria\\src\\context\\ProductContext.jsx": {"lines":{"total":14,"covered":0,"skipped":0,"pct":0},"functions":{"total":7,"covered":0,"skipped":0,"pct":0},"statements":{"total":17,"covered":0,"skipped":0,"pct":0},"branches":{"total":6,"covered":0,"skipped":0,"pct":0}}
,"C:\\Users\\ovied\\OneDrive\\Documentos\\Sistema ferreteria\\src\\context\\SalesContext.jsx": {"lines":{"total":124,"covered":0,"skipped":0,"pct":0},"functions":{"total":34,"covered":0,"skipped":0,"pct":0},"statements":{"total":124,"covered":0,"skipped":0,"pct":0},"branches":{"total":103,"covered":0,"skipped":0,"pct":0}}
,"C:\\Users\\ovied\\OneDrive\\Documentos\\Sistema ferreteria\\src\\layouts\\MainLayout.jsx": {"lines":{"total":1,"covered":0,"skipped":0,"pct":0},"functions":{"total":1,"covered":0,"skipped":0,"pct":0},"statements":{"total":1,"covered":0,"skipped":0,"pct":0},"branches":{"total":0,"covered":0,"skipped":0,"pct":100}}
,"C:\\Users\\ovied\\OneDrive\\Documentos\\Sistema ferreteria\\src\\pages\\Clients.jsx": {"lines":{"total":36,"covered":0,"skipped":0,"pct":0},"functions":{"total":20,"covered":0,"skipped":0,"pct":0},"statements":{"total":46,"covered":0,"skipped":0,"pct":0},"branches":{"total":34,"covered":0,"skipped":0,"pct":0}}
,"C:\\Users\\ovied\\OneDrive\\Documentos\\Sistema ferreteria\\src\\pages\\Dashboard.jsx": {"lines":{"total":32,"covered":0,"skipped":0,"pct":0},"functions":{"total":21,"covered":0,"skipped":0,"pct":0},"statements":{"total":45,"covered":0,"skipped":0,"pct":0},"branches":{"total":55,"covered":0,"skipped":0,"pct":0}}
,"C:\\Users\\ovied\\OneDrive\\Documentos\\Sistema ferreteria\\src\\pages\\Landing.jsx": {"lines":{"total":30,"covered":0,"skipped":0,"pct":0},"functions":{"total":13,"covered":0,"skipped":0,"pct":0},"statements":{"total":38,"covered":0,"skipped":0,"pct":0},"branches":{"total":12,"covered":0,"skipped":0,"pct":0}}
,"C:\\Users\\ovied\\OneDrive\\Documentos\\Sistema ferreteria\\src\\pages\\Login.jsx": {"lines":{"total":16,"covered":0,"skipped":0,"pct":0},"functions":{"total":6,"covered":0,"skipped":0,"pct":0},"statements":{"total":18,"covered":0,"skipped":0,"pct":0},"branches":{"total":8,"covered":0,"skipped":0,"pct":0}}
,"C:\\Users\\ovied\\OneDrive\\Documentos\\Sistema ferreteria\\src\\pages\\NotFound.jsx": {"lines":{"total":2,"covered":0,"skipped":0,"pct":0},"functions":{"total":1,"covered":0,"skipped":0,"pct":0},"statements":{"total":2,"covered":0,"skipped":0,"pct":0},"branches":{"total":4,"covered":0,"skipped":0,"pct":0}}
,"C:\\Users\\ovied\\OneDrive\\Documentos\\Sistema ferreteria\\src\\pages\\POS.jsx": {"lines":{"total":191,"covered":0,"skipped":0,"pct":0},"functions":{"total":62,"covered":0,"skipped":0,"pct":0},"statements":{"total":203,"covered":0,"skipped":0,"pct":0},"branches":{"total":133,"covered":0,"skipped":0,"pct":0}}
,"C:\\Users\\ovied\\OneDrive\\Documentos\\Sistema ferreteria\\src\\pages\\Products.jsx": {"lines":{"total":46,"covered":0,"skipped":0,"pct":0},"functions":{"total":35,"covered":0,"skipped":0,"pct":0},"statements":{"total":75,"covered":0,"skipped":0,"pct":0},"branches":{"total":68,"covered":0,"skipped":0,"pct":0}}
,"C:\\Users\\ovied\\OneDrive\\Documentos\\Sistema ferreteria\\src\\pages\\Quotes.jsx": {"lines":{"total":176,"covered":0,"skipped":0,"pct":0},"functions":{"total":61,"covered":0,"skipped":0,"pct":0},"statements":{"total":183,"covered":0,"skipped":0,"pct":0},"branches":{"total":111,"covered":0,"skipped":0,"pct":0}}
,"C:\\Users\\ovied\\OneDrive\\Documentos\\Sistema ferreteria\\src\\pages\\SalesHistory.jsx": {"lines":{"total":93,"covered":0,"skipped":0,"pct":0},"functions":{"total":29,"covered":0,"skipped":0,"pct":0},"statements":{"total":93,"covered":0,"skipped":0,"pct":0},"branches":{"total":82,"covered":0,"skipped":0,"pct":0}}
,"C:\\Users\\ovied\\OneDrive\\Documentos\\Sistema ferreteria\\src\\pages\\Settings.jsx": {"lines":{"total":103,"covered":0,"skipped":0,"pct":0},"functions":{"total":34,"covered":0,"skipped":0,"pct":0},"statements":{"total":103,"covered":0,"skipped":0,"pct":0},"branches":{"total":115,"covered":0,"skipped":0,"pct":0}}
,"C:\\Users\\ovied\\OneDrive\\Documentos\\Sistema ferreteria\\src\\pages\\Suppliers.jsx": {"lines":{"total":30,"covered":0,"skipped":0,"pct":0},"functions":{"total":25,"covered":0,"skipped":0,"pct":0},"statements":{"total":50,"covered":0,"skipped":0,"pct":0},"branches":{"total":30,"covered":0,"skipped":0,"pct":0}}
,"C:\\Users\\ovied\\OneDrive\\Documentos\\Sistema ferreteria\\src\\routes\\AppRouter.jsx": {"lines":{"total":1,"covered":0,"skipped":0,"pct":0},"functions":{"total":1,"covered":0,"skipped":0,"pct":0},"statements":{"total":1,"covered":0,"skipped":0,"pct":0},"branches":{"total":0,"covered":0,"skipped":0,"pct":100}}
,"C:\\Users\\ovied\\OneDrive\\Documentos\\Sistema ferreteria\\src\\routes\\ProtectedRoute.jsx": {"lines":{"total":13,"covered":0,"skipped":0,"pct":0},"functions":{"total":3,"covered":0,"skipped":0,"pct":0},"statements":{"total":13,"covered":0,"skipped":0,"pct":0},"branches":{"total":13,"covered":0,"skipped":0,"pct":0}}
,"C:\\Users\\ovied\\OneDrive\\Documentos\\Sistema ferreteria\\src\\routes\\navigation.js": {"lines":{"total":1,"covered":0,"skipped":0,"pct":0},"functions":{"total":0,"covered":0,"skipped":0,"pct":100},"statements":{"total":1,"covered":0,"skipped":0,"pct":0},"branches":{"total":0,"covered":0,"skipped":0,"pct":100}}
,"C:\\Users\\ovied\\OneDrive\\Documentos\\Sistema ferreteria\\src\\utils\\cart.js": {"lines":{"total":44,"covered":44,"skipped":0,"pct":100},"functions":{"total":23,"covered":23,"skipped":0,"pct":100},"statements":{"total":46,"covered":46,"skipped":0,"pct":100},"branches":{"total":56,"covered":41,"skipped":0,"pct":73.21}}
,"C:\\Users\\ovied\\OneDrive\\Documentos\\Sistema ferreteria\\src\\utils\\documentUtils.js": {"lines":{"total":43,"covered":0,"skipped":0,"pct":0},"functions":{"total":4,"covered":0,"skipped":0,"pct":0},"statements":{"total":43,"covered":0,"skipped":0,"pct":0},"branches":{"total":16,"covered":0,"skipped":0,"pct":0}}
,"C:\\Users\\ovied\\OneDrive\\Documentos\\Sistema ferreteria\\src\\utils\\fiscal.js": {"lines":{"total":40,"covered":39,"skipped":0,"pct":97.5},"functions":{"total":7,"covered":7,"skipped":0,"pct":100},"statements":{"total":40,"covered":39,"skipped":0,"pct":97.5},"branches":{"total":49,"covered":40,"skipped":0,"pct":81.63}}
,"C:\\Users\\ovied\\OneDrive\\Documentos\\Sistema ferreteria\\src\\utils\\format.js": {"lines":{"total":11,"covered":10,"skipped":0,"pct":90.9},"functions":{"total":5,"covered":4,"skipped":0,"pct":80},"statements":{"total":11,"covered":10,"skipped":0,"pct":90.9},"branches":{"total":7,"covered":7,"skipped":0,"pct":100}}
,"C:\\Users\\ovied\\OneDrive\\Documentos\\Sistema ferreteria\\src\\utils\\quotes.js": {"lines":{"total":49,"covered":49,"skipped":0,"pct":100},"functions":{"total":17,"covered":17,"skipped":0,"pct":100},"statements":{"total":50,"covered":50,"skipped":0,"pct":100},"branches":{"total":60,"covered":47,"skipped":0,"pct":78.33}}
,"C:\\Users\\ovied\\OneDrive\\Documentos\\Sistema ferreteria\\src\\utils\\salesUtils.js": {"lines":{"total":14,"covered":14,"skipped":0,"pct":100},"functions":{"total":8,"covered":8,"skipped":0,"pct":100},"statements":{"total":14,"covered":14,"skipped":0,"pct":100},"branches":{"total":21,"covered":17,"skipped":0,"pct":80.95}}
}
