{"total": {"lines":{"total":1413,"covered":922,"skipped":0,"pct":65.25},"statements":{"total":1536,"covered":981,"skipped":0,"pct":63.86},"functions":{"total":520,"covered":310,"skipped":0,"pct":59.61},"branches":{"total":1192,"covered":666,"skipped":0,"pct":55.87},"branchesTrue":{"total":0,"covered":0,"skipped":0,"pct":100}}
,"C:\\Users\\ovied\\OneDrive\\Documentos\\Sistema ferreteria\\src\\App.jsx": {"lines":{"total":1,"covered":0,"skipped":0,"pct":0},"functions":{"total":1,"covered":0,"skipped":0,"pct":0},"statements":{"total":1,"covered":0,"skipped":0,"pct":0},"branches":{"total":0,"covered":0,"skipped":0,"pct":100}}
,"C:\\Users\\ovied\\OneDrive\\Documentos\\Sistema ferreteria\\src\\registrarServiceWorker.js": {"lines":{"total":4,"covered":0,"skipped":0,"pct":0},"functions":{"total":2,"covered":0,"skipped":0,"pct":0},"statements":{"total":4,"covered":0,"skipped":0,"pct":0},"branches":{"total":4,"covered":0,"skipped":0,"pct":0}}
,"C:\\Users\\ovied\\OneDrive\\Documentos\\Sistema ferreteria\\src\\components\\Navbar.jsx": {"lines":{"total":19,"covered":19,"skipped":0,"pct":100},"functions":{"total":8,"covered":8,"skipped":0,"pct":100},"statements":{"total":19,"covered":19,"skipped":0,"pct":100},"branches":{"total":8,"covered":8,"skipped":0,"pct":100}}
,"C:\\Users\\ovied\\OneDrive\\Documentos\\Sistema ferreteria\\src\\components\\Sidebar.jsx": {"lines":{"total":1,"covered":0,"skipped":0,"pct":0},"functions":{"total":1,"covered":0,"skipped":0,"pct":0},"statements":{"total":1,"covered":0,"skipped":0,"pct":0},"branches":{"total":0,"covered":0,"skipped":0,"pct":100}}
,"C:\\Users\\ovied\\OneDrive\\Documentos\\Sistema ferreteria\\src\\components\\documents\\ClientAutocomplete.jsx": {"lines":{"total":34,"covered":22,"skipped":0,"pct":64.7},"functions":{"total":15,"covered":7,"skipped":0,"pct":46.66},"statements":{"total":34,"covered":22,"skipped":0,"pct":64.7},"branches":{"total":32,"covered":21,"skipped":0,"pct":65.62}}
,"C:\\Users\\ovied\\OneDrive\\Documentos\\Sistema ferreteria\\src\\components\\documents\\DocumentPreviewModal.jsx": {"lines":{"total":28,"covered":5,"skipped":0,"pct":17.85},"functions":{"total":4,"covered":1,"skipped":0,"pct":25},"statements":{"total":28,"covered":5,"skipped":0,"pct":17.85},"branches":{"total":29,"covered":7,"skipped":0,"pct":24.13}}
,"C:\\Users\\ovied\\OneDrive\\Documentos\\Sistema ferreteria\\src\\context\\AuthContext.jsx": {"lines":{"total":102,"covered":95,"skipped":0,"pct":93.13},"functions":{"total":28,"covered":26,"skipped":0,"pct":92.85},"statements":{"total":112,"covered":100,"skipped":0,"pct":89.28},"branches":{"total":81,"covered":52,"skipped":0,"pct":64.19}}
,"C:\\Users\\ovied\\OneDrive\\Documentos\\Sistema ferreteria\\src\\context\\ClientsContext.jsx": {"lines":{"total":29,"covered":29,"skipped":0,"pct":100},"functions":{"total":13,"covered":13,"skipped":0,"pct":100},"statements":{"total":30,"covered":30,"skipped":0,"pct":100},"branches":{"total":28,"covered":26,"skipped":0,"pct":92.85}}
,"C:\\Users\\ovied\\OneDrive\\Documentos\\Sistema ferreteria\\src\\context\\ProductContext.jsx": {"lines":{"total":13,"covered":13,"skipped":0,"pct":100},"functions":{"total":7,"covered":7,"skipped":0,"pct":100},"statements":{"total":16,"covered":16,"skipped":0,"pct":100},"branches":{"total":6,"covered":5,"skipped":0,"pct":83.33}}
,"C:\\Users\\ovied\\OneDrive\\Documentos\\Sistema ferreteria\\src\\context\\SalesContext.jsx": {"lines":{"total":123,"covered":115,"skipped":0,"pct":93.49},"functions":{"total":34,"covered":34,"skipped":0,"pct":100},"statements":{"total":123,"covered":115,"skipped":0,"pct":93.49},"branches":{"total":103,"covered":75,"skipped":0,"pct":72.81}}
,"C:\\Users\\ovied\\OneDrive\\Documentos\\Sistema ferreteria\\src\\context\\contexts.js": {"lines":{"total":4,"covered":4,"skipped":0,"pct":100},"functions":{"total":0,"covered":0,"skipped":0,"pct":100},"statements":{"total":4,"covered":4,"skipped":0,"pct":100},"branches":{"total":0,"covered":0,"skipped":0,"pct":100}}
,"C:\\Users\\ovied\\OneDrive\\Documentos\\Sistema ferreteria\\src\\context\\permissions.js": {"lines":{"total":3,"covered":3,"skipped":0,"pct":100},"functions":{"total":0,"covered":0,"skipped":0,"pct":100},"statements":{"total":3,"covered":3,"skipped":0,"pct":100},"branches":{"total":0,"covered":0,"skipped":0,"pct":100}}
,"C:\\Users\\ovied\\OneDrive\\Documentos\\Sistema ferreteria\\src\\hooks\\useAuth.js": {"lines":{"total":4,"covered":3,"skipped":0,"pct":75},"functions":{"total":1,"covered":1,"skipped":0,"pct":100},"statements":{"total":4,"covered":3,"skipped":0,"pct":75},"branches":{"total":2,"covered":1,"skipped":0,"pct":50}}
,"C:\\Users\\ovied\\OneDrive\\Documentos\\Sistema ferreteria\\src\\layouts\\MainLayout.jsx": {"lines":{"total":1,"covered":0,"skipped":0,"pct":0},"functions":{"total":1,"covered":0,"skipped":0,"pct":0},"statements":{"total":1,"covered":0,"skipped":0,"pct":0},"branches":{"total":0,"covered":0,"skipped":0,"pct":100}}
,"C:\\Users\\ovied\\OneDrive\\Documentos\\Sistema ferreteria\\src\\lib\\supabase.js": {"lines":{"total":7,"covered":0,"skipped":0,"pct":0},"functions":{"total":1,"covered":0,"skipped":0,"pct":0},"statements":{"total":7,"covered":0,"skipped":0,"pct":0},"branches":{"total":6,"covered":0,"skipped":0,"pct":0}}
,"C:\\Users\\ovied\\OneDrive\\Documentos\\Sistema ferreteria\\src\\pages\\Clients.jsx": {"lines":{"total":36,"covered":15,"skipped":0,"pct":41.66},"functions":{"total":20,"covered":7,"skipped":0,"pct":35},"statements":{"total":46,"covered":19,"skipped":0,"pct":41.3},"branches":{"total":34,"covered":15,"skipped":0,"pct":44.11}}
,"C:\\Users\\ovied\\OneDrive\\Documentos\\Sistema ferreteria\\src\\pages\\Dashboard.jsx": {"lines":{"total":32,"covered":31,"skipped":0,"pct":96.87},"functions":{"total":21,"covered":18,"skipped":0,"pct":85.71},"statements":{"total":45,"covered":42,"skipped":0,"pct":93.33},"branches":{"total":55,"covered":34,"skipped":0,"pct":61.81}}
,"C:\\Users\\ovied\\OneDrive\\Documentos\\Sistema ferreteria\\src\\pages\\Demo.jsx": {"lines":{"total":5,"covered":0,"skipped":0,"pct":0},"functions":{"total":3,"covered":0,"skipped":0,"pct":0},"statements":{"total":5,"covered":0,"skipped":0,"pct":0},"branches":{"total":2,"covered":0,"skipped":0,"pct":0}}
,"C:\\Users\\ovied\\OneDrive\\Documentos\\Sistema ferreteria\\src\\pages\\Landing.jsx": {"lines":{"total":30,"covered":0,"skipped":0,"pct":0},"functions":{"total":13,"covered":0,"skipped":0,"pct":0},"statements":{"total":38,"covered":0,"skipped":0,"pct":0},"branches":{"total":12,"covered":0,"skipped":0,"pct":0}}
,"C:\\Users\\ovied\\OneDrive\\Documentos\\Sistema ferreteria\\src\\pages\\Login.jsx": {"lines":{"total":21,"covered":21,"skipped":0,"pct":100},"functions":{"total":6,"covered":6,"skipped":0,"pct":100},"statements":{"total":22,"covered":22,"skipped":0,"pct":100},"branches":{"total":10,"covered":10,"skipped":0,"pct":100}}
,"C:\\Users\\ovied\\OneDrive\\Documentos\\Sistema ferreteria\\src\\pages\\NotFound.jsx": {"lines":{"total":2,"covered":2,"skipped":0,"pct":100},"functions":{"total":1,"covered":1,"skipped":0,"pct":100},"statements":{"total":2,"covered":2,"skipped":0,"pct":100},"branches":{"total":4,"covered":4,"skipped":0,"pct":100}}
,"C:\\Users\\ovied\\OneDrive\\Documentos\\Sistema ferreteria\\src\\pages\\POS.jsx": {"lines":{"total":191,"covered":71,"skipped":0,"pct":37.17},"functions":{"total":62,"covered":20,"skipped":0,"pct":32.25},"statements":{"total":203,"covered":76,"skipped":0,"pct":37.43},"branches":{"total":133,"covered":37,"skipped":0,"pct":27.81}}
,"C:\\Users\\ovied\\OneDrive\\Documentos\\Sistema ferreteria\\src\\pages\\Products.jsx": {"lines":{"total":46,"covered":24,"skipped":0,"pct":52.17},"functions":{"total":35,"covered":14,"skipped":0,"pct":40},"statements":{"total":75,"covered":34,"skipped":0,"pct":45.33},"branches":{"total":68,"covered":21,"skipped":0,"pct":30.88}}
,"C:\\Users\\ovied\\OneDrive\\Documentos\\Sistema ferreteria\\src\\pages\\Quotes.jsx": {"lines":{"total":176,"covered":65,"skipped":0,"pct":36.93},"functions":{"total":61,"covered":18,"skipped":0,"pct":29.5},"statements":{"total":183,"covered":69,"skipped":0,"pct":37.7},"branches":{"total":111,"covered":32,"skipped":0,"pct":28.82}}
,"C:\\Users\\ovied\\OneDrive\\Documentos\\Sistema ferreteria\\src\\pages\\SalesHistory.jsx": {"lines":{"total":93,"covered":64,"skipped":0,"pct":68.81},"functions":{"total":29,"covered":19,"skipped":0,"pct":65.51},"statements":{"total":93,"covered":64,"skipped":0,"pct":68.81},"branches":{"total":82,"covered":60,"skipped":0,"pct":73.17}}
,"C:\\Users\\ovied\\OneDrive\\Documentos\\Sistema ferreteria\\src\\pages\\Settings.jsx": {"lines":{"total":103,"covered":39,"skipped":0,"pct":37.86},"functions":{"total":35,"covered":11,"skipped":0,"pct":31.42},"statements":{"total":103,"covered":39,"skipped":0,"pct":37.86},"branches":{"total":103,"covered":35,"skipped":0,"pct":33.98}}
,"C:\\Users\\ovied\\OneDrive\\Documentos\\Sistema ferreteria\\src\\pages\\Suppliers.jsx": {"lines":{"total":30,"covered":16,"skipped":0,"pct":53.33},"functions":{"total":25,"covered":8,"skipped":0,"pct":32},"statements":{"total":50,"covered":22,"skipped":0,"pct":44},"branches":{"total":30,"covered":15,"skipped":0,"pct":50}}
,"C:\\Users\\ovied\\OneDrive\\Documentos\\Sistema ferreteria\\src\\routes\\AppRouter.jsx": {"lines":{"total":1,"covered":0,"skipped":0,"pct":0},"functions":{"total":1,"covered":0,"skipped":0,"pct":0},"statements":{"total":1,"covered":0,"skipped":0,"pct":0},"branches":{"total":0,"covered":0,"skipped":0,"pct":100}}
,"C:\\Users\\ovied\\OneDrive\\Documentos\\Sistema ferreteria\\src\\routes\\ProtectedRoute.jsx": {"lines":{"total":16,"covered":16,"skipped":0,"pct":100},"functions":{"total":4,"covered":4,"skipped":0,"pct":100},"statements":{"total":16,"covered":16,"skipped":0,"pct":100},"branches":{"total":15,"covered":14,"skipped":0,"pct":93.33}}
,"C:\\Users\\ovied\\OneDrive\\Documentos\\Sistema ferreteria\\src\\routes\\navigation.js": {"lines":{"total":1,"covered":1,"skipped":0,"pct":100},"functions":{"total":0,"covered":0,"skipped":0,"pct":100},"statements":{"total":1,"covered":1,"skipped":0,"pct":100},"branches":{"total":0,"covered":0,"skipped":0,"pct":100}}
,"C:\\Users\\ovied\\OneDrive\\Documentos\\Sistema ferreteria\\src\\utils\\almacenamiento.js": {"lines":{"total":38,"covered":32,"skipped":0,"pct":84.21},"functions":{"total":9,"covered":9,"skipped":0,"pct":100},"statements":{"total":38,"covered":32,"skipped":0,"pct":84.21},"branches":{"total":18,"covered":18,"skipped":0,"pct":100}}
,"C:\\Users\\ovied\\OneDrive\\Documentos\\Sistema ferreteria\\src\\utils\\cart.js": {"lines":{"total":44,"covered":44,"skipped":0,"pct":100},"functions":{"total":23,"covered":23,"skipped":0,"pct":100},"statements":{"total":46,"covered":46,"skipped":0,"pct":100},"branches":{"total":56,"covered":42,"skipped":0,"pct":75}}
,"C:\\Users\\ovied\\OneDrive\\Documentos\\Sistema ferreteria\\src\\utils\\datosDemo.js": {"lines":{"total":45,"covered":45,"skipped":0,"pct":100},"functions":{"total":14,"covered":14,"skipped":0,"pct":100},"statements":{"total":50,"covered":50,"skipped":0,"pct":100},"branches":{"total":17,"covered":17,"skipped":0,"pct":100}}
,"C:\\Users\\ovied\\OneDrive\\Documentos\\Sistema ferreteria\\src\\utils\\fiscal.js": {"lines":{"total":40,"covered":39,"skipped":0,"pct":97.5},"functions":{"total":7,"covered":7,"skipped":0,"pct":100},"statements":{"total":40,"covered":39,"skipped":0,"pct":97.5},"branches":{"total":49,"covered":40,"skipped":0,"pct":81.63}}
,"C:\\Users\\ovied\\OneDrive\\Documentos\\Sistema ferreteria\\src\\utils\\format.js": {"lines":{"total":11,"covered":10,"skipped":0,"pct":90.9},"functions":{"total":5,"covered":4,"skipped":0,"pct":80},"statements":{"total":11,"covered":10,"skipped":0,"pct":90.9},"branches":{"total":7,"covered":7,"skipped":0,"pct":100}}
,"C:\\Users\\ovied\\OneDrive\\Documentos\\Sistema ferreteria\\src\\utils\\ids.js": {"lines":{"total":12,"covered":12,"skipped":0,"pct":100},"functions":{"total":4,"covered":4,"skipped":0,"pct":100},"statements":{"total":12,"covered":12,"skipped":0,"pct":100},"branches":{"total":5,"covered":5,"skipped":0,"pct":100}}
,"C:\\Users\\ovied\\OneDrive\\Documentos\\Sistema ferreteria\\src\\utils\\password.js": {"lines":{"total":4,"covered":4,"skipped":0,"pct":100},"functions":{"total":1,"covered":1,"skipped":0,"pct":100},"statements":{"total":5,"covered":5,"skipped":0,"pct":100},"branches":{"total":1,"covered":1,"skipped":0,"pct":100}}
,"C:\\Users\\ovied\\OneDrive\\Documentos\\Sistema ferreteria\\src\\utils\\quotes.js": {"lines":{"total":49,"covered":49,"skipped":0,"pct":100},"functions":{"total":17,"covered":17,"skipped":0,"pct":100},"statements":{"total":50,"covered":50,"skipped":0,"pct":100},"branches":{"total":60,"covered":47,"skipped":0,"pct":78.33}}
,"C:\\Users\\ovied\\OneDrive\\Documentos\\Sistema ferreteria\\src\\utils\\salesUtils.js": {"lines":{"total":14,"covered":14,"skipped":0,"pct":100},"functions":{"total":8,"covered":8,"skipped":0,"pct":100},"statements":{"total":14,"covered":14,"skipped":0,"pct":100},"branches":{"total":21,"covered":17,"skipped":0,"pct":80.95}}
}
